"gcc -o conftest -I/Users/tz3m/.rvm/rubies/ruby-2.4.1/include/ruby-2.4.0/x86_64-darwin17 -I/Users/tz3m/.rvm/rubies/ruby-2.4.1/include/ruby-2.4.0/ruby/backward -I/Users/tz3m/.rvm/rubies/ruby-2.4.1/include/ruby-2.4.0 -I.  -I/usr/local/opt/libyaml/include -I/usr/local/opt/readline/include -I/usr/local/opt/libksba/include -I/usr/local/opt/openssl@1.1/include -D_XOPEN_SOURCE -D_DARWIN_C_SOURCE -D_DARWIN_UNLIMITED_SELECT -D_REENTRANT   -O3 -fno-fast-math -ggdb3 -Wall -Wextra -Wno-unused-parameter -Wno-parentheses -Wno-long-long -Wno-missing-field-initializers -Wno-tautological-compare -Wno-parentheses-equality -Wno-constant-logical-operand -Wno-self-assign -Wunused-variable -Wimplicit-int -Wpointer-arith -Wwrite-strings -Wdeclaration-after-statement -Wshorten-64-to-32 -Wimplicit-function-declaration -Wdivision-by-zero -Wdeprecated-declarations -Wextra-tokens  -fno-common -pipe  conftest.c  -L. -L/Users/tz3m/.rvm/rubies/ruby-2.4.1/lib -L/usr/local/opt/libyaml/lib -L/usr/local/opt/readline/lib -L/usr/local/opt/libksba/lib -L/usr/local/opt/openssl@1.1/lib -L. -fstack-protector -L/usr/local/lib -L/usr/local/opt/libyaml/lib -L/usr/local/opt/readline/lib -L/usr/local/opt/libksba/lib -L/usr/local/opt/openssl@1.1/lib     -lruby.2.4.1  -lpthread -lgmp -ldl -lobjc  "
checked program was:
/* begin */
1: #include "ruby.h"
2: 
3: int main(int argc, char **argv)
4: {
5:   return 0;
6: }
/* end */

"gcc -I/Users/tz3m/.rvm/rubies/ruby-2.4.1/include/ruby-2.4.0/x86_64-darwin17 -I/Users/tz3m/.rvm/rubies/ruby-2.4.1/include/ruby-2.4.0/ruby/backward -I/Users/tz3m/.rvm/rubies/ruby-2.4.1/include/ruby-2.4.0 -I.  -I/usr/local/opt/libyaml/include -I/usr/local/opt/readline/include -I/usr/local/opt/libksba/include -I/usr/local/opt/openssl@1.1/include -D_XOPEN_SOURCE -D_DARWIN_C_SOURCE -D_DARWIN_UNLIMITED_SELECT -D_REENTRANT   -O3 -fno-fast-math -ggdb3 -Wall -Wextra -Wno-unused-parameter -Wno-parentheses -Wno-long-long -Wno-missing-field-initializers -Wno-tautological-compare -Wno-parentheses-equality -Wno-constant-logical-operand -Wno-self-assign -Wunused-variable -Wimplicit-int -Wpointer-arith -Wwrite-strings -Wdeclaration-after-statement -Wshorten-64-to-32 -Wimplicit-function-declaration -Wdivision-by-zero -Wdeprecated-declarations -Wextra-tokens  -fno-common -pipe    -Werror -c conftest.c"
checked program was:
/* begin */
1: #include "ruby.h"
2: 
3: int main() {return 0;}
/* end */

"gcc -I/Users/tz3m/.rvm/rubies/ruby-2.4.1/include/ruby-2.4.0/x86_64-darwin17 -I/Users/tz3m/.rvm/rubies/ruby-2.4.1/include/ruby-2.4.0/ruby/backward -I/Users/tz3m/.rvm/rubies/ruby-2.4.1/include/ruby-2.4.0 -I.  -I/usr/local/opt/libyaml/include -I/usr/local/opt/readline/include -I/usr/local/opt/libksba/include -I/usr/local/opt/openssl@1.1/include -D_XOPEN_SOURCE -D_DARWIN_C_SOURCE -D_DARWIN_UNLIMITED_SELECT -D_REENTRANT   -O3 -fno-fast-math -ggdb3 -Wall -Wextra -Wno-unused-parameter -Wno-parentheses -Wno-long-long -Wno-missing-field-initializers -Wno-tautological-compare -Wno-parentheses-equality -Wno-constant-logical-operand -Wno-self-assign -Wunused-variable -Wimplicit-int -Wpointer-arith -Wwrite-strings -Wdeclaration-after-statement -Wshorten-64-to-32 -Wimplicit-function-declaration -Wdivision-by-zero -Wdeprecated-declarations -Wextra-tokens  -fno-common -pipe  -Wno-error=unused-command-line-argument-hard-error-in-future   -Werror -c conftest.c"
error: unknown warning option '-Werror=unused-command-line-argument-hard-error-in-future'; did you mean '-Werror=unused-command-line-argument'? [-Werror,-Wunknown-warning-option]
checked program was:
/* begin */
1: #include "ruby.h"
2: 
3: int main() {return 0;}
/* end */

"pkg-config --exists libxslt"
| pkg-config --libs libxslt
=> "-lxslt -lxml2 -lz -lpthread -licucore -lm -lxml2\n"
"gcc -o conftest -I/Users/tz3m/.rvm/rubies/ruby-2.4.1/include/ruby-2.4.0/x86_64-darwin17 -I/Users/tz3m/.rvm/rubies/ruby-2.4.1/include/ruby-2.4.0/ruby/backward -I/Users/tz3m/.rvm/rubies/ruby-2.4.1/include/ruby-2.4.0 -I. -I/usr/local/opt/libxml2/include/libxml2  -I/usr/local/opt/libyaml/include -I/usr/local/opt/readline/include -I/usr/local/opt/libksba/include -I/usr/local/opt/openssl@1.1/include -D_XOPEN_SOURCE -D_DARWIN_C_SOURCE -D_DARWIN_UNLIMITED_SELECT -D_REENTRANT   -O3 -fno-fast-math -ggdb3 -Wall -Wextra -Wno-unused-parameter -Wno-parentheses -Wno-long-long -Wno-missing-field-initializers -Wno-tautological-compare -Wno-parentheses-equality -Wno-constant-logical-operand -Wno-self-assign -Wunused-variable -Wimplicit-int -Wpointer-arith -Wwrite-strings -Wdeclaration-after-statement -Wshorten-64-to-32 -Wimplicit-function-declaration -Wdivision-by-zero -Wdeprecated-declarations -Wextra-tokens  -fno-common -pipe  -O3 -Wall -Wcast-qual -Wwrite-strings -Wextra -Wmissing-noreturn -Winline conftest.c  -L. -L/Users/tz3m/.rvm/rubies/ruby-2.4.1/lib -L/usr/local/opt/libyaml/lib -L/usr/local/opt/readline/lib -L/usr/local/opt/libksba/lib -L/usr/local/opt/openssl@1.1/lib -L. -fstack-protector -L/usr/local/lib -L/usr/local/opt/libyaml/lib -L/usr/local/opt/readline/lib -L/usr/local/opt/libksba/lib -L/usr/local/opt/openssl@1.1/lib     -lruby.2.4.1 -lxslt -lxml2 -lz -lpthread -licucore -lm -lxml2 -lpthread -lgmp -ldl -lobjc  "
conftest.c:3:14: warning: unused parameter 'argc' [-Wunused-parameter]
int main(int argc, char **argv)
             ^
conftest.c:3:27: warning: unused parameter 'argv' [-Wunused-parameter]
int main(int argc, char **argv)
                          ^
2 warnings generated.
checked program was:
/* begin */
1: #include "ruby.h"
2: 
3: int main(int argc, char **argv)
4: {
5:   return 0;
6: }
/* end */

package configuration for libxslt is not found
"pkg-config --exists libexslt"
| pkg-config --libs libexslt
=> "-lexslt -lxslt -lxml2 -lz -lpthread -licucore -lm -lxml2\n"
"gcc -o conftest -I/Users/tz3m/.rvm/rubies/ruby-2.4.1/include/ruby-2.4.0/x86_64-darwin17 -I/Users/tz3m/.rvm/rubies/ruby-2.4.1/include/ruby-2.4.0/ruby/backward -I/Users/tz3m/.rvm/rubies/ruby-2.4.1/include/ruby-2.4.0 -I. -I/usr/local/opt/libxml2/include/libxml2  -I/usr/local/opt/libyaml/include -I/usr/local/opt/readline/include -I/usr/local/opt/libksba/include -I/usr/local/opt/openssl@1.1/include -D_XOPEN_SOURCE -D_DARWIN_C_SOURCE -D_DARWIN_UNLIMITED_SELECT -D_REENTRANT   -O3 -fno-fast-math -ggdb3 -Wall -Wextra -Wno-unused-parameter -Wno-parentheses -Wno-long-long -Wno-missing-field-initializers -Wno-tautological-compare -Wno-parentheses-equality -Wno-constant-logical-operand -Wno-self-assign -Wunused-variable -Wimplicit-int -Wpointer-arith -Wwrite-strings -Wdeclaration-after-statement -Wshorten-64-to-32 -Wimplicit-function-declaration -Wdivision-by-zero -Wdeprecated-declarations -Wextra-tokens  -fno-common -pipe  -O3 -Wall -Wcast-qual -Wwrite-strings -Wextra -Wmissing-noreturn -Winline conftest.c  -L. -L/Users/tz3m/.rvm/rubies/ruby-2.4.1/lib -L/usr/local/opt/libyaml/lib -L/usr/local/opt/readline/lib -L/usr/local/opt/libksba/lib -L/usr/local/opt/openssl@1.1/lib -L. -fstack-protector -L/usr/local/lib -L/usr/local/opt/libyaml/lib -L/usr/local/opt/readline/lib -L/usr/local/opt/libksba/lib -L/usr/local/opt/openssl@1.1/lib     -lruby.2.4.1 -lexslt -lxslt -lxml2 -lz -lpthread -licucore -lm -lxml2 -lpthread -lgmp -ldl -lobjc  "
conftest.c:3:14: warning: unused parameter 'argc' [-Wunused-parameter]
int main(int argc, char **argv)
             ^
conftest.c:3:27: warning: unused parameter 'argv' [-Wunused-parameter]
int main(int argc, char **argv)
                          ^
2 warnings generated.
checked program was:
/* begin */
1: #include "ruby.h"
2: 
3: int main(int argc, char **argv)
4: {
5:   return 0;
6: }
/* end */

package configuration for libexslt is not found
"gcc -E -I/Users/tz3m/.rvm/rubies/ruby-2.4.1/include/ruby-2.4.0/x86_64-darwin17 -I/Users/tz3m/.rvm/rubies/ruby-2.4.1/include/ruby-2.4.0/ruby/backward -I/Users/tz3m/.rvm/rubies/ruby-2.4.1/include/ruby-2.4.0 -I. -I/usr/local/opt/libxml2/include/libxml2  -I/usr/local/opt/libyaml/include -I/usr/local/opt/readline/include -I/usr/local/opt/libksba/include -I/usr/local/opt/openssl@1.1/include -D_XOPEN_SOURCE -D_DARWIN_C_SOURCE -D_DARWIN_UNLIMITED_SELECT -D_REENTRANT   -O3 -fno-fast-math -ggdb3 -Wall -Wextra -Wno-unused-parameter -Wno-parentheses -Wno-long-long -Wno-missing-field-initializers -Wno-tautological-compare -Wno-parentheses-equality -Wno-constant-logical-operand -Wno-self-assign -Wunused-variable -Wimplicit-int -Wpointer-arith -Wwrite-strings -Wdeclaration-after-statement -Wshorten-64-to-32 -Wimplicit-function-declaration -Wdivision-by-zero -Wdeprecated-declarations -Wextra-tokens  -fno-common -pipe  -O3 -Wall -Wcast-qual -Wwrite-strings -Wextra -Wmissing-noreturn -Winline  conftest.c -o conftest.i"
checked program was:
/* begin */
1: #include "ruby.h"
2: 
3: #include <libxml/xmlversion.h>
/* end */

"gcc -E -I/Users/tz3m/.rvm/rubies/ruby-2.4.1/include/ruby-2.4.0/x86_64-darwin17 -I/Users/tz3m/.rvm/rubies/ruby-2.4.1/include/ruby-2.4.0/ruby/backward -I/Users/tz3m/.rvm/rubies/ruby-2.4.1/include/ruby-2.4.0 -I. -I/usr/local/opt/libxml2/include/libxml2  -I/usr/local/opt/libyaml/include -I/usr/local/opt/readline/include -I/usr/local/opt/libksba/include -I/usr/local/opt/openssl@1.1/include -D_XOPEN_SOURCE -D_DARWIN_C_SOURCE -D_DARWIN_UNLIMITED_SELECT -D_REENTRANT   -O3 -fno-fast-math -ggdb3 -Wall -Wextra -Wno-unused-parameter -Wno-parentheses -Wno-long-long -Wno-missing-field-initializers -Wno-tautological-compare -Wno-parentheses-equality -Wno-constant-logical-operand -Wno-self-assign -Wunused-variable -Wimplicit-int -Wpointer-arith -Wwrite-strings -Wdeclaration-after-statement -Wshorten-64-to-32 -Wimplicit-function-declaration -Wdivision-by-zero -Wdeprecated-declarations -Wextra-tokens  -fno-common -pipe  -O3 -Wall -Wcast-qual -Wwrite-strings -Wextra -Wmissing-noreturn -Winline  conftest.c -o conftest.i"
checked program was:
/* begin */
1: #include "ruby.h"
2: 
3: #include <libxml/xmlversion.h>
4: #if LIBXML_VERSION < 20621
5: #error libxml2 is older than 2.6.21
6: #endif
/* end */

"gcc -E -I/Users/tz3m/.rvm/rubies/ruby-2.4.1/include/ruby-2.4.0/x86_64-darwin17 -I/Users/tz3m/.rvm/rubies/ruby-2.4.1/include/ruby-2.4.0/ruby/backward -I/Users/tz3m/.rvm/rubies/ruby-2.4.1/include/ruby-2.4.0 -I. -I/usr/local/opt/libxml2/include/libxml2  -I/usr/local/opt/libyaml/include -I/usr/local/opt/readline/include -I/usr/local/opt/libksba/include -I/usr/local/opt/openssl@1.1/include -D_XOPEN_SOURCE -D_DARWIN_C_SOURCE -D_DARWIN_UNLIMITED_SELECT -D_REENTRANT   -O3 -fno-fast-math -ggdb3 -Wall -Wextra -Wno-unused-parameter -Wno-parentheses -Wno-long-long -Wno-missing-field-initializers -Wno-tautological-compare -Wno-parentheses-equality -Wno-constant-logical-operand -Wno-self-assign -Wunused-variable -Wimplicit-int -Wpointer-arith -Wwrite-strings -Wdeclaration-after-statement -Wshorten-64-to-32 -Wimplicit-function-declaration -Wdivision-by-zero -Wdeprecated-declarations -Wextra-tokens  -fno-common -pipe  -O3 -Wall -Wcast-qual -Wwrite-strings -Wextra -Wmissing-noreturn -Winline  conftest.c -o conftest.i"
checked program was:
/* begin */
1: #include "ruby.h"
2: 
3: #include <libxml/xmlversion.h>
4: #if LIBXML_VERSION < 20903
5: #error libxml2 is older than 2.9.3
6: #endif
/* end */

have_func: checking for xmlParseDoc() in libxml/parser.h... -------------------- no

"gcc -o conftest -I/Users/tz3m/.rvm/rubies/ruby-2.4.1/include/ruby-2.4.0/x86_64-darwin17 -I/Users/tz3m/.rvm/rubies/ruby-2.4.1/include/ruby-2.4.0/ruby/backward -I/Users/tz3m/.rvm/rubies/ruby-2.4.1/include/ruby-2.4.0 -I. -I/usr/local/opt/libxml2/include/libxml2  -I/usr/local/opt/libyaml/include -I/usr/local/opt/readline/include -I/usr/local/opt/libksba/include -I/usr/local/opt/openssl@1.1/include -D_XOPEN_SOURCE -D_DARWIN_C_SOURCE -D_DARWIN_UNLIMITED_SELECT -D_REENTRANT   -O3 -fno-fast-math -ggdb3 -Wall -Wextra -Wno-unused-parameter -Wno-parentheses -Wno-long-long -Wno-missing-field-initializers -Wno-tautological-compare -Wno-parentheses-equality -Wno-constant-logical-operand -Wno-self-assign -Wunused-variable -Wimplicit-int -Wpointer-arith -Wwrite-strings -Wdeclaration-after-statement -Wshorten-64-to-32 -Wimplicit-function-declaration -Wdivision-by-zero -Wdeprecated-declarations -Wextra-tokens  -fno-common -pipe  -O3 -Wall -Wcast-qual -Wwrite-strings -Wextra -Wmissing-noreturn -Winline conftest.c  -L. -L/Users/tz3m/.rvm/rubies/ruby-2.4.1/lib -L/usr/local/opt/libyaml/lib -L/usr/local/opt/readline/lib -L/usr/local/opt/libksba/lib -L/usr/local/opt/openssl@1.1/lib -L. -fstack-protector -L/usr/local/lib -L/usr/local/opt/libyaml/lib -L/usr/local/opt/readline/lib -L/usr/local/opt/libksba/lib -L/usr/local/opt/openssl@1.1/lib     -lruby.2.4.1  -lpthread -lgmp -ldl -lobjc  "
conftest.c:7:27: warning: unused parameter 'argv' [-Wunused-parameter]
int main(int argc, char **argv)
                          ^
1 warning generated.
Undefined symbols for architecture x86_64:
  "_xmlParseDoc", referenced from:
      _t in conftest-0281e8.o
ld: symbol(s) not found for architecture x86_64
clang: error: linker command failed with exit code 1 (use -v to see invocation)
checked program was:
/* begin */
 1: #include "ruby.h"
 2: 
 3: #include <libxml/parser.h>
 4: 
 5: /*top*/
 6: extern int t(void);
 7: int main(int argc, char **argv)
 8: {
 9:   if (argc > 1000000) {
10:     printf("%p", &t);
11:   }
12: 
13:   return 0;
14: }
15: int t(void) { void ((*volatile p)()); p = (void ((*)()))xmlParseDoc; return !p; }
/* end */

"gcc -o conftest -I/Users/tz3m/.rvm/rubies/ruby-2.4.1/include/ruby-2.4.0/x86_64-darwin17 -I/Users/tz3m/.rvm/rubies/ruby-2.4.1/include/ruby-2.4.0/ruby/backward -I/Users/tz3m/.rvm/rubies/ruby-2.4.1/include/ruby-2.4.0 -I. -I/usr/local/opt/libxml2/include/libxml2  -I/usr/local/opt/libyaml/include -I/usr/local/opt/readline/include -I/usr/local/opt/libksba/include -I/usr/local/opt/openssl@1.1/include -D_XOPEN_SOURCE -D_DARWIN_C_SOURCE -D_DARWIN_UNLIMITED_SELECT -D_REENTRANT   -O3 -fno-fast-math -ggdb3 -Wall -Wextra -Wno-unused-parameter -Wno-parentheses -Wno-long-long -Wno-missing-field-initializers -Wno-tautological-compare -Wno-parentheses-equality -Wno-constant-logical-operand -Wno-self-assign -Wunused-variable -Wimplicit-int -Wpointer-arith -Wwrite-strings -Wdeclaration-after-statement -Wshorten-64-to-32 -Wimplicit-function-declaration -Wdivision-by-zero -Wdeprecated-declarations -Wextra-tokens  -fno-common -pipe  -O3 -Wall -Wcast-qual -Wwrite-strings -Wextra -Wmissing-noreturn -Winline conftest.c  -L. -L/Users/tz3m/.rvm/rubies/ruby-2.4.1/lib -L/usr/local/opt/libyaml/lib -L/usr/local/opt/readline/lib -L/usr/local/opt/libksba/lib -L/usr/local/opt/openssl@1.1/lib -L. -fstack-protector -L/usr/local/lib -L/usr/local/opt/libyaml/lib -L/usr/local/opt/readline/lib -L/usr/local/opt/libksba/lib -L/usr/local/opt/openssl@1.1/lib     -lruby.2.4.1  -lpthread -lgmp -ldl -lobjc  "
conftest.c:7:27: warning: unused parameter 'argv' [-Wunused-parameter]
int main(int argc, char **argv)
                          ^
conftest.c:15:13: error: conflicting types for 'xmlParseDoc'
extern void xmlParseDoc();
            ^
/usr/local/opt/libxml2/include/libxml2/libxml/parser.h:842:3: note: previous declaration is here
                xmlParseDoc             (const xmlChar *cur);
                ^
conftest.c:16:27: error: too few arguments to function call, single argument 'cur' was not specified
int t(void) { xmlParseDoc(); return 0; }
              ~~~~~~~~~~~ ^
/usr/local/opt/libxml2/include/libxml2/libxml/parser.h:841:11: note: 'xmlParseDoc' declared here
XMLPUBFUN xmlDocPtr XMLCALL
          ^
1 warning and 2 errors generated.
checked program was:
/* begin */
 1: #include "ruby.h"
 2: 
 3: #include <libxml/parser.h>
 4: 
 5: /*top*/
 6: extern int t(void);
 7: int main(int argc, char **argv)
 8: {
 9:   if (argc > 1000000) {
10:     printf("%p", &t);
11:   }
12: 
13:   return 0;
14: }
15: extern void xmlParseDoc();
16: int t(void) { xmlParseDoc(); return 0; }
/* end */

--------------------

have_library: checking for xmlParseDoc() in -lxml2... -------------------- yes

"gcc -o conftest -I/Users/tz3m/.rvm/rubies/ruby-2.4.1/include/ruby-2.4.0/x86_64-darwin17 -I/Users/tz3m/.rvm/rubies/ruby-2.4.1/include/ruby-2.4.0/ruby/backward -I/Users/tz3m/.rvm/rubies/ruby-2.4.1/include/ruby-2.4.0 -I. -I/usr/local/opt/libxml2/include/libxml2  -I/usr/local/opt/libyaml/include -I/usr/local/opt/readline/include -I/usr/local/opt/libksba/include -I/usr/local/opt/openssl@1.1/include -D_XOPEN_SOURCE -D_DARWIN_C_SOURCE -D_DARWIN_UNLIMITED_SELECT -D_REENTRANT   -O3 -fno-fast-math -ggdb3 -Wall -Wextra -Wno-unused-parameter -Wno-parentheses -Wno-long-long -Wno-missing-field-initializers -Wno-tautological-compare -Wno-parentheses-equality -Wno-constant-logical-operand -Wno-self-assign -Wunused-variable -Wimplicit-int -Wpointer-arith -Wwrite-strings -Wdeclaration-after-statement -Wshorten-64-to-32 -Wimplicit-function-declaration -Wdivision-by-zero -Wdeprecated-declarations -Wextra-tokens  -fno-common -pipe  -O3 -Wall -Wcast-qual -Wwrite-strings -Wextra -Wmissing-noreturn -Winline conftest.c  -L. -L/Users/tz3m/.rvm/rubies/ruby-2.4.1/lib -L/usr/local/opt/libyaml/lib -L/usr/local/opt/readline/lib -L/usr/local/opt/libksba/lib -L/usr/local/opt/openssl@1.1/lib -L. -fstack-protector -L/usr/local/lib -L/usr/local/opt/libyaml/lib -L/usr/local/opt/readline/lib -L/usr/local/opt/libksba/lib -L/usr/local/opt/openssl@1.1/lib     -lruby.2.4.1 -lxml2  -lpthread -lgmp -ldl -lobjc  "
conftest.c:7:27: warning: unused parameter 'argv' [-Wunused-parameter]
int main(int argc, char **argv)
                          ^
1 warning generated.
checked program was:
/* begin */
 1: #include "ruby.h"
 2: 
 3: #include <libxml/parser.h>
 4: 
 5: /*top*/
 6: extern int t(void);
 7: int main(int argc, char **argv)
 8: {
 9:   if (argc > 1000000) {
10:     printf("%p", &t);
11:   }
12: 
13:   return 0;
14: }
15: int t(void) { void ((*volatile p)()); p = (void ((*)()))xmlParseDoc; return !p; }
/* end */

--------------------

have_func: checking for xsltParseStylesheetDoc() in libxslt/xslt.h... -------------------- no

"gcc -o conftest -I/Users/tz3m/.rvm/rubies/ruby-2.4.1/include/ruby-2.4.0/x86_64-darwin17 -I/Users/tz3m/.rvm/rubies/ruby-2.4.1/include/ruby-2.4.0/ruby/backward -I/Users/tz3m/.rvm/rubies/ruby-2.4.1/include/ruby-2.4.0 -I. -I/usr/local/opt/libxml2/include/libxml2  -I/usr/local/opt/libyaml/include -I/usr/local/opt/readline/include -I/usr/local/opt/libksba/include -I/usr/local/opt/openssl@1.1/include -D_XOPEN_SOURCE -D_DARWIN_C_SOURCE -D_DARWIN_UNLIMITED_SELECT -D_REENTRANT   -O3 -fno-fast-math -ggdb3 -Wall -Wextra -Wno-unused-parameter -Wno-parentheses -Wno-long-long -Wno-missing-field-initializers -Wno-tautological-compare -Wno-parentheses-equality -Wno-constant-logical-operand -Wno-self-assign -Wunused-variable -Wimplicit-int -Wpointer-arith -Wwrite-strings -Wdeclaration-after-statement -Wshorten-64-to-32 -Wimplicit-function-declaration -Wdivision-by-zero -Wdeprecated-declarations -Wextra-tokens  -fno-common -pipe  -O3 -Wall -Wcast-qual -Wwrite-strings -Wextra -Wmissing-noreturn -Winline conftest.c  -L. -L/Users/tz3m/.rvm/rubies/ruby-2.4.1/lib -L/usr/local/opt/libyaml/lib -L/usr/local/opt/readline/lib -L/usr/local/opt/libksba/lib -L/usr/local/opt/openssl@1.1/lib -L. -fstack-protector -L/usr/local/lib -L/usr/local/opt/libyaml/lib -L/usr/local/opt/readline/lib -L/usr/local/opt/libksba/lib -L/usr/local/opt/openssl@1.1/lib    -lxml2  -lruby.2.4.1 -lxml2  -lpthread -lgmp -ldl -lobjc  "
conftest.c:7:27: warning: unused parameter 'argv' [-Wunused-parameter]
int main(int argc, char **argv)
                          ^
conftest.c:15:57: error: use of undeclared identifier 'xsltParseStylesheetDoc'
int t(void) { void ((*volatile p)()); p = (void ((*)()))xsltParseStylesheetDoc; return !p; }
                                                        ^
1 warning and 1 error generated.
checked program was:
/* begin */
 1: #include "ruby.h"
 2: 
 3: #include <libxslt/xslt.h>
 4: 
 5: /*top*/
 6: extern int t(void);
 7: int main(int argc, char **argv)
 8: {
 9:   if (argc > 1000000) {
10:     printf("%p", &t);
11:   }
12: 
13:   return 0;
14: }
15: int t(void) { void ((*volatile p)()); p = (void ((*)()))xsltParseStylesheetDoc; return !p; }
/* end */

"gcc -o conftest -I/Users/tz3m/.rvm/rubies/ruby-2.4.1/include/ruby-2.4.0/x86_64-darwin17 -I/Users/tz3m/.rvm/rubies/ruby-2.4.1/include/ruby-2.4.0/ruby/backward -I/Users/tz3m/.rvm/rubies/ruby-2.4.1/include/ruby-2.4.0 -I. -I/usr/local/opt/libxml2/include/libxml2  -I/usr/local/opt/libyaml/include -I/usr/local/opt/readline/include -I/usr/local/opt/libksba/include -I/usr/local/opt/openssl@1.1/include -D_XOPEN_SOURCE -D_DARWIN_C_SOURCE -D_DARWIN_UNLIMITED_SELECT -D_REENTRANT   -O3 -fno-fast-math -ggdb3 -Wall -Wextra -Wno-unused-parameter -Wno-parentheses -Wno-long-long -Wno-missing-field-initializers -Wno-tautological-compare -Wno-parentheses-equality -Wno-constant-logical-operand -Wno-self-assign -Wunused-variable -Wimplicit-int -Wpointer-arith -Wwrite-strings -Wdeclaration-after-statement -Wshorten-64-to-32 -Wimplicit-function-declaration -Wdivision-by-zero -Wdeprecated-declarations -Wextra-tokens  -fno-common -pipe  -O3 -Wall -Wcast-qual -Wwrite-strings -Wextra -Wmissing-noreturn -Winline conftest.c  -L. -L/Users/tz3m/.rvm/rubies/ruby-2.4.1/lib -L/usr/local/opt/libyaml/lib -L/usr/local/opt/readline/lib -L/usr/local/opt/libksba/lib -L/usr/local/opt/openssl@1.1/lib -L. -fstack-protector -L/usr/local/lib -L/usr/local/opt/libyaml/lib -L/usr/local/opt/readline/lib -L/usr/local/opt/libksba/lib -L/usr/local/opt/openssl@1.1/lib    -lxml2  -lruby.2.4.1 -lxml2  -lpthread -lgmp -ldl -lobjc  "
conftest.c:7:27: warning: unused parameter 'argv' [-Wunused-parameter]
int main(int argc, char **argv)
                          ^
1 warning generated.
Undefined symbols for architecture x86_64:
  "_xsltParseStylesheetDoc", referenced from:
      _t in conftest-c78474.o
ld: symbol(s) not found for architecture x86_64
clang: error: linker command failed with exit code 1 (use -v to see invocation)
checked program was:
/* begin */
 1: #include "ruby.h"
 2: 
 3: #include <libxslt/xslt.h>
 4: 
 5: /*top*/
 6: extern int t(void);
 7: int main(int argc, char **argv)
 8: {
 9:   if (argc > 1000000) {
10:     printf("%p", &t);
11:   }
12: 
13:   return 0;
14: }
15: extern void xsltParseStylesheetDoc();
16: int t(void) { xsltParseStylesheetDoc(); return 0; }
/* end */

--------------------

have_library: checking for xsltParseStylesheetDoc() in -lxslt... -------------------- yes

"gcc -o conftest -I/Users/tz3m/.rvm/rubies/ruby-2.4.1/include/ruby-2.4.0/x86_64-darwin17 -I/Users/tz3m/.rvm/rubies/ruby-2.4.1/include/ruby-2.4.0/ruby/backward -I/Users/tz3m/.rvm/rubies/ruby-2.4.1/include/ruby-2.4.0 -I. -I/usr/local/opt/libxml2/include/libxml2  -I/usr/local/opt/libyaml/include -I/usr/local/opt/readline/include -I/usr/local/opt/libksba/include -I/usr/local/opt/openssl@1.1/include -D_XOPEN_SOURCE -D_DARWIN_C_SOURCE -D_DARWIN_UNLIMITED_SELECT -D_REENTRANT   -O3 -fno-fast-math -ggdb3 -Wall -Wextra -Wno-unused-parameter -Wno-parentheses -Wno-long-long -Wno-missing-field-initializers -Wno-tautological-compare -Wno-parentheses-equality -Wno-constant-logical-operand -Wno-self-assign -Wunused-variable -Wimplicit-int -Wpointer-arith -Wwrite-strings -Wdeclaration-after-statement -Wshorten-64-to-32 -Wimplicit-function-declaration -Wdivision-by-zero -Wdeprecated-declarations -Wextra-tokens  -fno-common -pipe  -O3 -Wall -Wcast-qual -Wwrite-strings -Wextra -Wmissing-noreturn -Winline conftest.c  -L. -L/Users/tz3m/.rvm/rubies/ruby-2.4.1/lib -L/usr/local/opt/libyaml/lib -L/usr/local/opt/readline/lib -L/usr/local/opt/libksba/lib -L/usr/local/opt/openssl@1.1/lib -L. -fstack-protector -L/usr/local/lib -L/usr/local/opt/libyaml/lib -L/usr/local/opt/readline/lib -L/usr/local/opt/libksba/lib -L/usr/local/opt/openssl@1.1/lib    -lxml2  -lruby.2.4.1 -lxslt -lxml2  -lpthread -lgmp -ldl -lobjc  "
conftest.c:7:27: warning: unused parameter 'argv' [-Wunused-parameter]
int main(int argc, char **argv)
                          ^
conftest.c:15:57: error: use of undeclared identifier 'xsltParseStylesheetDoc'
int t(void) { void ((*volatile p)()); p = (void ((*)()))xsltParseStylesheetDoc; return !p; }
                                                        ^
1 warning and 1 error generated.
checked program was:
/* begin */
 1: #include "ruby.h"
 2: 
 3: #include <libxslt/xslt.h>
 4: 
 5: /*top*/
 6: extern int t(void);
 7: int main(int argc, char **argv)
 8: {
 9:   if (argc > 1000000) {
10:     printf("%p", &t);
11:   }
12: 
13:   return 0;
14: }
15: int t(void) { void ((*volatile p)()); p = (void ((*)()))xsltParseStylesheetDoc; return !p; }
/* end */

"gcc -o conftest -I/Users/tz3m/.rvm/rubies/ruby-2.4.1/include/ruby-2.4.0/x86_64-darwin17 -I/Users/tz3m/.rvm/rubies/ruby-2.4.1/include/ruby-2.4.0/ruby/backward -I/Users/tz3m/.rvm/rubies/ruby-2.4.1/include/ruby-2.4.0 -I. -I/usr/local/opt/libxml2/include/libxml2  -I/usr/local/opt/libyaml/include -I/usr/local/opt/readline/include -I/usr/local/opt/libksba/include -I/usr/local/opt/openssl@1.1/include -D_XOPEN_SOURCE -D_DARWIN_C_SOURCE -D_DARWIN_UNLIMITED_SELECT -D_REENTRANT   -O3 -fno-fast-math -ggdb3 -Wall -Wextra -Wno-unused-parameter -Wno-parentheses -Wno-long-long -Wno-missing-field-initializers -Wno-tautological-compare -Wno-parentheses-equality -Wno-constant-logical-operand -Wno-self-assign -Wunused-variable -Wimplicit-int -Wpointer-arith -Wwrite-strings -Wdeclaration-after-statement -Wshorten-64-to-32 -Wimplicit-function-declaration -Wdivision-by-zero -Wdeprecated-declarations -Wextra-tokens  -fno-common -pipe  -O3 -Wall -Wcast-qual -Wwrite-strings -Wextra -Wmissing-noreturn -Winline conftest.c  -L. -L/Users/tz3m/.rvm/rubies/ruby-2.4.1/lib -L/usr/local/opt/libyaml/lib -L/usr/local/opt/readline/lib -L/usr/local/opt/libksba/lib -L/usr/local/opt/openssl@1.1/lib -L. -fstack-protector -L/usr/local/lib -L/usr/local/opt/libyaml/lib -L/usr/local/opt/readline/lib -L/usr/local/opt/libksba/lib -L/usr/local/opt/openssl@1.1/lib    -lxml2  -lruby.2.4.1 -lxslt -lxml2  -lpthread -lgmp -ldl -lobjc  "
conftest.c:7:27: warning: unused parameter 'argv' [-Wunused-parameter]
int main(int argc, char **argv)
                          ^
1 warning generated.
checked program was:
/* begin */
 1: #include "ruby.h"
 2: 
 3: #include <libxslt/xslt.h>
 4: 
 5: /*top*/
 6: extern int t(void);
 7: int main(int argc, char **argv)
 8: {
 9:   if (argc > 1000000) {
10:     printf("%p", &t);
11:   }
12: 
13:   return 0;
14: }
15: extern void xsltParseStylesheetDoc();
16: int t(void) { xsltParseStylesheetDoc(); return 0; }
/* end */

--------------------

have_func: checking for exsltFuncRegister() in libexslt/exslt.h... -------------------- no

"gcc -o conftest -I/Users/tz3m/.rvm/rubies/ruby-2.4.1/include/ruby-2.4.0/x86_64-darwin17 -I/Users/tz3m/.rvm/rubies/ruby-2.4.1/include/ruby-2.4.0/ruby/backward -I/Users/tz3m/.rvm/rubies/ruby-2.4.1/include/ruby-2.4.0 -I. -I/usr/local/opt/libxml2/include/libxml2  -I/usr/local/opt/libyaml/include -I/usr/local/opt/readline/include -I/usr/local/opt/libksba/include -I/usr/local/opt/openssl@1.1/include -D_XOPEN_SOURCE -D_DARWIN_C_SOURCE -D_DARWIN_UNLIMITED_SELECT -D_REENTRANT   -O3 -fno-fast-math -ggdb3 -Wall -Wextra -Wno-unused-parameter -Wno-parentheses -Wno-long-long -Wno-missing-field-initializers -Wno-tautological-compare -Wno-parentheses-equality -Wno-constant-logical-operand -Wno-self-assign -Wunused-variable -Wimplicit-int -Wpointer-arith -Wwrite-strings -Wdeclaration-after-statement -Wshorten-64-to-32 -Wimplicit-function-declaration -Wdivision-by-zero -Wdeprecated-declarations -Wextra-tokens  -fno-common -pipe  -O3 -Wall -Wcast-qual -Wwrite-strings -Wextra -Wmissing-noreturn -Winline conftest.c  -L. -L/Users/tz3m/.rvm/rubies/ruby-2.4.1/lib -L/usr/local/opt/libyaml/lib -L/usr/local/opt/readline/lib -L/usr/local/opt/libksba/lib -L/usr/local/opt/openssl@1.1/lib -L. -fstack-protector -L/usr/local/lib -L/usr/local/opt/libyaml/lib -L/usr/local/opt/readline/lib -L/usr/local/opt/libksba/lib -L/usr/local/opt/openssl@1.1/lib    -lxslt -lxml2  -lruby.2.4.1 -lxslt -lxml2  -lpthread -lgmp -ldl -lobjc  "
conftest.c:7:27: warning: unused parameter 'argv' [-Wunused-parameter]
int main(int argc, char **argv)
                          ^
1 warning generated.
Undefined symbols for architecture x86_64:
  "_exsltFuncRegister", referenced from:
      _t in conftest-c60d54.o
ld: symbol(s) not found for architecture x86_64
clang: error: linker command failed with exit code 1 (use -v to see invocation)
checked program was:
/* begin */
 1: #include "ruby.h"
 2: 
 3: #include <libexslt/exslt.h>
 4: 
 5: /*top*/
 6: extern int t(void);
 7: int main(int argc, char **argv)
 8: {
 9:   if (argc > 1000000) {
10:     printf("%p", &t);
11:   }
12: 
13:   return 0;
14: }
15: int t(void) { void ((*volatile p)()); p = (void ((*)()))exsltFuncRegister; return !p; }
/* end */

"gcc -o conftest -I/Users/tz3m/.rvm/rubies/ruby-2.4.1/include/ruby-2.4.0/x86_64-darwin17 -I/Users/tz3m/.rvm/rubies/ruby-2.4.1/include/ruby-2.4.0/ruby/backward -I/Users/tz3m/.rvm/rubies/ruby-2.4.1/include/ruby-2.4.0 -I. -I/usr/local/opt/libxml2/include/libxml2  -I/usr/local/opt/libyaml/include -I/usr/local/opt/readline/include -I/usr/local/opt/libksba/include -I/usr/local/opt/openssl@1.1/include -D_XOPEN_SOURCE -D_DARWIN_C_SOURCE -D_DARWIN_UNLIMITED_SELECT -D_REENTRANT   -O3 -fno-fast-math -ggdb3 -Wall -Wextra -Wno-unused-parameter -Wno-parentheses -Wno-long-long -Wno-missing-field-initializers -Wno-tautological-compare -Wno-parentheses-equality -Wno-constant-logical-operand -Wno-self-assign -Wunused-variable -Wimplicit-int -Wpointer-arith -Wwrite-strings -Wdeclaration-after-statement -Wshorten-64-to-32 -Wimplicit-function-declaration -Wdivision-by-zero -Wdeprecated-declarations -Wextra-tokens  -fno-common -pipe  -O3 -Wall -Wcast-qual -Wwrite-strings -Wextra -Wmissing-noreturn -Winline conftest.c  -L. -L/Users/tz3m/.rvm/rubies/ruby-2.4.1/lib -L/usr/local/opt/libyaml/lib -L/usr/local/opt/readline/lib -L/usr/local/opt/libksba/lib -L/usr/local/opt/openssl@1.1/lib -L. -fstack-protector -L/usr/local/lib -L/usr/local/opt/libyaml/lib -L/usr/local/opt/readline/lib -L/usr/local/opt/libksba/lib -L/usr/local/opt/openssl@1.1/lib    -lxslt -lxml2  -lruby.2.4.1 -lxslt -lxml2  -lpthread -lgmp -ldl -lobjc  "
conftest.c:7:27: warning: unused parameter 'argv' [-Wunused-parameter]
int main(int argc, char **argv)
                          ^
1 warning generated.
Undefined symbols for architecture x86_64:
  "_exsltFuncRegister", referenced from:
      _t in conftest-676a32.o
ld: symbol(s) not found for architecture x86_64
clang: error: linker command failed with exit code 1 (use -v to see invocation)
checked program was:
/* begin */
 1: #include "ruby.h"
 2: 
 3: #include <libexslt/exslt.h>
 4: 
 5: /*top*/
 6: extern int t(void);
 7: int main(int argc, char **argv)
 8: {
 9:   if (argc > 1000000) {
10:     printf("%p", &t);
11:   }
12: 
13:   return 0;
14: }
15: extern void exsltFuncRegister();
16: int t(void) { exsltFuncRegister(); return 0; }
/* end */

--------------------

have_library: checking for exsltFuncRegister() in -lexslt... -------------------- yes

"gcc -o conftest -I/Users/tz3m/.rvm/rubies/ruby-2.4.1/include/ruby-2.4.0/x86_64-darwin17 -I/Users/tz3m/.rvm/rubies/ruby-2.4.1/include/ruby-2.4.0/ruby/backward -I/Users/tz3m/.rvm/rubies/ruby-2.4.1/include/ruby-2.4.0 -I. -I/usr/local/opt/libxml2/include/libxml2  -I/usr/local/opt/libyaml/include -I/usr/local/opt/readline/include -I/usr/local/opt/libksba/include -I/usr/local/opt/openssl@1.1/include -D_XOPEN_SOURCE -D_DARWIN_C_SOURCE -D_DARWIN_UNLIMITED_SELECT -D_REENTRANT   -O3 -fno-fast-math -ggdb3 -Wall -Wextra -Wno-unused-parameter -Wno-parentheses -Wno-long-long -Wno-missing-field-initializers -Wno-tautological-compare -Wno-parentheses-equality -Wno-constant-logical-operand -Wno-self-assign -Wunused-variable -Wimplicit-int -Wpointer-arith -Wwrite-strings -Wdeclaration-after-statement -Wshorten-64-to-32 -Wimplicit-function-declaration -Wdivision-by-zero -Wdeprecated-declarations -Wextra-tokens  -fno-common -pipe  -O3 -Wall -Wcast-qual -Wwrite-strings -Wextra -Wmissing-noreturn -Winline conftest.c  -L. -L/Users/tz3m/.rvm/rubies/ruby-2.4.1/lib -L/usr/local/opt/libyaml/lib -L/usr/local/opt/readline/lib -L/usr/local/opt/libksba/lib -L/usr/local/opt/openssl@1.1/lib -L. -fstack-protector -L/usr/local/lib -L/usr/local/opt/libyaml/lib -L/usr/local/opt/readline/lib -L/usr/local/opt/libksba/lib -L/usr/local/opt/openssl@1.1/lib    -lxslt -lxml2  -lruby.2.4.1 -lexslt -lxslt -lxml2  -lpthread -lgmp -ldl -lobjc  "
conftest.c:7:27: warning: unused parameter 'argv' [-Wunused-parameter]
int main(int argc, char **argv)
                          ^
1 warning generated.
checked program was:
/* begin */
 1: #include "ruby.h"
 2: 
 3: #include <libexslt/exslt.h>
 4: 
 5: /*top*/
 6: extern int t(void);
 7: int main(int argc, char **argv)
 8: {
 9:   if (argc > 1000000) {
10:     printf("%p", &t);
11:   }
12: 
13:   return 0;
14: }
15: int t(void) { void ((*volatile p)()); p = (void ((*)()))exsltFuncRegister; return !p; }
/* end */

--------------------

have_func: checking for xmlHasFeature()... -------------------- yes

"gcc -o conftest -I/Users/tz3m/.rvm/rubies/ruby-2.4.1/include/ruby-2.4.0/x86_64-darwin17 -I/Users/tz3m/.rvm/rubies/ruby-2.4.1/include/ruby-2.4.0/ruby/backward -I/Users/tz3m/.rvm/rubies/ruby-2.4.1/include/ruby-2.4.0 -I. -I/usr/local/opt/libxml2/include/libxml2  -I/usr/local/opt/libyaml/include -I/usr/local/opt/readline/include -I/usr/local/opt/libksba/include -I/usr/local/opt/openssl@1.1/include -D_XOPEN_SOURCE -D_DARWIN_C_SOURCE -D_DARWIN_UNLIMITED_SELECT -D_REENTRANT   -O3 -fno-fast-math -ggdb3 -Wall -Wextra -Wno-unused-parameter -Wno-parentheses -Wno-long-long -Wno-missing-field-initializers -Wno-tautological-compare -Wno-parentheses-equality -Wno-constant-logical-operand -Wno-self-assign -Wunused-variable -Wimplicit-int -Wpointer-arith -Wwrite-strings -Wdeclaration-after-statement -Wshorten-64-to-32 -Wimplicit-function-declaration -Wdivision-by-zero -Wdeprecated-declarations -Wextra-tokens  -fno-common -pipe  -O3 -Wall -Wcast-qual -Wwrite-strings -Wextra -Wmissing-noreturn -Winline conftest.c  -L. -L/Users/tz3m/.rvm/rubies/ruby-2.4.1/lib -L/usr/local/opt/libyaml/lib -L/usr/local/opt/readline/lib -L/usr/local/opt/libksba/lib -L/usr/local/opt/openssl@1.1/lib -L. -fstack-protector -L/usr/local/lib -L/usr/local/opt/libyaml/lib -L/usr/local/opt/readline/lib -L/usr/local/opt/libksba/lib -L/usr/local/opt/openssl@1.1/lib    -lexslt -lxslt -lxml2  -lruby.2.4.1 -lexslt -lxslt -lxml2  -lpthread -lgmp -ldl -lobjc  "
conftest.c:5:27: warning: unused parameter 'argv' [-Wunused-parameter]
int main(int argc, char **argv)
                          ^
conftest.c:13:57: error: use of undeclared identifier 'xmlHasFeature'
int t(void) { void ((*volatile p)()); p = (void ((*)()))xmlHasFeature; return !p; }
                                                        ^
1 warning and 1 error generated.
checked program was:
/* begin */
 1: #include "ruby.h"
 2: 
 3: /*top*/
 4: extern int t(void);
 5: int main(int argc, char **argv)
 6: {
 7:   if (argc > 1000000) {
 8:     printf("%p", &t);
 9:   }
10: 
11:   return 0;
12: }
13: int t(void) { void ((*volatile p)()); p = (void ((*)()))xmlHasFeature; return !p; }
/* end */

"gcc -o conftest -I/Users/tz3m/.rvm/rubies/ruby-2.4.1/include/ruby-2.4.0/x86_64-darwin17 -I/Users/tz3m/.rvm/rubies/ruby-2.4.1/include/ruby-2.4.0/ruby/backward -I/Users/tz3m/.rvm/rubies/ruby-2.4.1/include/ruby-2.4.0 -I. -I/usr/local/opt/libxml2/include/libxml2  -I/usr/local/opt/libyaml/include -I/usr/local/opt/readline/include -I/usr/local/opt/libksba/include -I/usr/local/opt/openssl@1.1/include -D_XOPEN_SOURCE -D_DARWIN_C_SOURCE -D_DARWIN_UNLIMITED_SELECT -D_REENTRANT   -O3 -fno-fast-math -ggdb3 -Wall -Wextra -Wno-unused-parameter -Wno-parentheses -Wno-long-long -Wno-missing-field-initializers -Wno-tautological-compare -Wno-parentheses-equality -Wno-constant-logical-operand -Wno-self-assign -Wunused-variable -Wimplicit-int -Wpointer-arith -Wwrite-strings -Wdeclaration-after-statement -Wshorten-64-to-32 -Wimplicit-function-declaration -Wdivision-by-zero -Wdeprecated-declarations -Wextra-tokens  -fno-common -pipe  -O3 -Wall -Wcast-qual -Wwrite-strings -Wextra -Wmissing-noreturn -Winline conftest.c  -L. -L/Users/tz3m/.rvm/rubies/ruby-2.4.1/lib -L/usr/local/opt/libyaml/lib -L/usr/local/opt/readline/lib -L/usr/local/opt/libksba/lib -L/usr/local/opt/openssl@1.1/lib -L. -fstack-protector -L/usr/local/lib -L/usr/local/opt/libyaml/lib -L/usr/local/opt/readline/lib -L/usr/local/opt/libksba/lib -L/usr/local/opt/openssl@1.1/lib    -lexslt -lxslt -lxml2  -lruby.2.4.1 -lexslt -lxslt -lxml2  -lpthread -lgmp -ldl -lobjc  "
conftest.c:5:27: warning: unused parameter 'argv' [-Wunused-parameter]
int main(int argc, char **argv)
                          ^
1 warning generated.
checked program was:
/* begin */
 1: #include "ruby.h"
 2: 
 3: /*top*/
 4: extern int t(void);
 5: int main(int argc, char **argv)
 6: {
 7:   if (argc > 1000000) {
 8:     printf("%p", &t);
 9:   }
10: 
11:   return 0;
12: }
13: extern void xmlHasFeature();
14: int t(void) { xmlHasFeature(); return 0; }
/* end */

--------------------

have_func: checking for xmlFirstElementChild()... -------------------- yes

"gcc -o conftest -I/Users/tz3m/.rvm/rubies/ruby-2.4.1/include/ruby-2.4.0/x86_64-darwin17 -I/Users/tz3m/.rvm/rubies/ruby-2.4.1/include/ruby-2.4.0/ruby/backward -I/Users/tz3m/.rvm/rubies/ruby-2.4.1/include/ruby-2.4.0 -I. -I/usr/local/opt/libxml2/include/libxml2  -I/usr/local/opt/libyaml/include -I/usr/local/opt/readline/include -I/usr/local/opt/libksba/include -I/usr/local/opt/openssl@1.1/include -D_XOPEN_SOURCE -D_DARWIN_C_SOURCE -D_DARWIN_UNLIMITED_SELECT -D_REENTRANT   -O3 -fno-fast-math -ggdb3 -Wall -Wextra -Wno-unused-parameter -Wno-parentheses -Wno-long-long -Wno-missing-field-initializers -Wno-tautological-compare -Wno-parentheses-equality -Wno-constant-logical-operand -Wno-self-assign -Wunused-variable -Wimplicit-int -Wpointer-arith -Wwrite-strings -Wdeclaration-after-statement -Wshorten-64-to-32 -Wimplicit-function-declaration -Wdivision-by-zero -Wdeprecated-declarations -Wextra-tokens  -fno-common -pipe  -O3 -Wall -Wcast-qual -Wwrite-strings -Wextra -Wmissing-noreturn -Winline conftest.c  -L. -L/Users/tz3m/.rvm/rubies/ruby-2.4.1/lib -L/usr/local/opt/libyaml/lib -L/usr/local/opt/readline/lib -L/usr/local/opt/libksba/lib -L/usr/local/opt/openssl@1.1/lib -L. -fstack-protector -L/usr/local/lib -L/usr/local/opt/libyaml/lib -L/usr/local/opt/readline/lib -L/usr/local/opt/libksba/lib -L/usr/local/opt/openssl@1.1/lib    -lexslt -lxslt -lxml2  -lruby.2.4.1 -lexslt -lxslt -lxml2  -lpthread -lgmp -ldl -lobjc  "
conftest.c:5:27: warning: unused parameter 'argv' [-Wunused-parameter]
int main(int argc, char **argv)
                          ^
conftest.c:13:57: error: use of undeclared identifier 'xmlFirstElementChild'
int t(void) { void ((*volatile p)()); p = (void ((*)()))xmlFirstElementChild; return !p; }
                                                        ^
1 warning and 1 error generated.
checked program was:
/* begin */
 1: #include "ruby.h"
 2: 
 3: /*top*/
 4: extern int t(void);
 5: int main(int argc, char **argv)
 6: {
 7:   if (argc > 1000000) {
 8:     printf("%p", &t);
 9:   }
10: 
11:   return 0;
12: }
13: int t(void) { void ((*volatile p)()); p = (void ((*)()))xmlFirstElementChild; return !p; }
/* end */

"gcc -o conftest -I/Users/tz3m/.rvm/rubies/ruby-2.4.1/include/ruby-2.4.0/x86_64-darwin17 -I/Users/tz3m/.rvm/rubies/ruby-2.4.1/include/ruby-2.4.0/ruby/backward -I/Users/tz3m/.rvm/rubies/ruby-2.4.1/include/ruby-2.4.0 -I. -I/usr/local/opt/libxml2/include/libxml2  -I/usr/local/opt/libyaml/include -I/usr/local/opt/readline/include -I/usr/local/opt/libksba/include -I/usr/local/opt/openssl@1.1/include -D_XOPEN_SOURCE -D_DARWIN_C_SOURCE -D_DARWIN_UNLIMITED_SELECT -D_REENTRANT   -O3 -fno-fast-math -ggdb3 -Wall -Wextra -Wno-unused-parameter -Wno-parentheses -Wno-long-long -Wno-missing-field-initializers -Wno-tautological-compare -Wno-parentheses-equality -Wno-constant-logical-operand -Wno-self-assign -Wunused-variable -Wimplicit-int -Wpointer-arith -Wwrite-strings -Wdeclaration-after-statement -Wshorten-64-to-32 -Wimplicit-function-declaration -Wdivision-by-zero -Wdeprecated-declarations -Wextra-tokens  -fno-common -pipe  -O3 -Wall -Wcast-qual -Wwrite-strings -Wextra -Wmissing-noreturn -Winline conftest.c  -L. -L/Users/tz3m/.rvm/rubies/ruby-2.4.1/lib -L/usr/local/opt/libyaml/lib -L/usr/local/opt/readline/lib -L/usr/local/opt/libksba/lib -L/usr/local/opt/openssl@1.1/lib -L. -fstack-protector -L/usr/local/lib -L/usr/local/opt/libyaml/lib -L/usr/local/opt/readline/lib -L/usr/local/opt/libksba/lib -L/usr/local/opt/openssl@1.1/lib    -lexslt -lxslt -lxml2  -lruby.2.4.1 -lexslt -lxslt -lxml2  -lpthread -lgmp -ldl -lobjc  "
conftest.c:5:27: warning: unused parameter 'argv' [-Wunused-parameter]
int main(int argc, char **argv)
                          ^
1 warning generated.
checked program was:
/* begin */
 1: #include "ruby.h"
 2: 
 3: /*top*/
 4: extern int t(void);
 5: int main(int argc, char **argv)
 6: {
 7:   if (argc > 1000000) {
 8:     printf("%p", &t);
 9:   }
10: 
11:   return 0;
12: }
13: extern void xmlFirstElementChild();
14: int t(void) { xmlFirstElementChild(); return 0; }
/* end */

--------------------

have_func: checking for xmlRelaxNGSetParserStructuredErrors()... -------------------- yes

"gcc -o conftest -I/Users/tz3m/.rvm/rubies/ruby-2.4.1/include/ruby-2.4.0/x86_64-darwin17 -I/Users/tz3m/.rvm/rubies/ruby-2.4.1/include/ruby-2.4.0/ruby/backward -I/Users/tz3m/.rvm/rubies/ruby-2.4.1/include/ruby-2.4.0 -I. -I/usr/local/opt/libxml2/include/libxml2  -I/usr/local/opt/libyaml/include -I/usr/local/opt/readline/include -I/usr/local/opt/libksba/include -I/usr/local/opt/openssl@1.1/include -D_XOPEN_SOURCE -D_DARWIN_C_SOURCE -D_DARWIN_UNLIMITED_SELECT -D_REENTRANT   -O3 -fno-fast-math -ggdb3 -Wall -Wextra -Wno-unused-parameter -Wno-parentheses -Wno-long-long -Wno-missing-field-initializers -Wno-tautological-compare -Wno-parentheses-equality -Wno-constant-logical-operand -Wno-self-assign -Wunused-variable -Wimplicit-int -Wpointer-arith -Wwrite-strings -Wdeclaration-after-statement -Wshorten-64-to-32 -Wimplicit-function-declaration -Wdivision-by-zero -Wdeprecated-declarations -Wextra-tokens  -fno-common -pipe  -O3 -Wall -Wcast-qual -Wwrite-strings -Wextra -Wmissing-noreturn -Winline conftest.c  -L. -L/Users/tz3m/.rvm/rubies/ruby-2.4.1/lib -L/usr/local/opt/libyaml/lib -L/usr/local/opt/readline/lib -L/usr/local/opt/libksba/lib -L/usr/local/opt/openssl@1.1/lib -L. -fstack-protector -L/usr/local/lib -L/usr/local/opt/libyaml/lib -L/usr/local/opt/readline/lib -L/usr/local/opt/libksba/lib -L/usr/local/opt/openssl@1.1/lib    -lexslt -lxslt -lxml2  -lruby.2.4.1 -lexslt -lxslt -lxml2  -lpthread -lgmp -ldl -lobjc  "
conftest.c:5:27: warning: unused parameter 'argv' [-Wunused-parameter]
int main(int argc, char **argv)
                          ^
conftest.c:13:57: error: use of undeclared identifier 'xmlRelaxNGSetParserStructuredErrors'
int t(void) { void ((*volatile p)()); p = (void ((*)()))xmlRelaxNGSetParserStructuredErrors; return !p; }
                                                        ^
1 warning and 1 error generated.
checked program was:
/* begin */
 1: #include "ruby.h"
 2: 
 3: /*top*/
 4: extern int t(void);
 5: int main(int argc, char **argv)
 6: {
 7:   if (argc > 1000000) {
 8:     printf("%p", &t);
 9:   }
10: 
11:   return 0;
12: }
13: int t(void) { void ((*volatile p)()); p = (void ((*)()))xmlRelaxNGSetParserStructuredErrors; return !p; }
/* end */

"gcc -o conftest -I/Users/tz3m/.rvm/rubies/ruby-2.4.1/include/ruby-2.4.0/x86_64-darwin17 -I/Users/tz3m/.rvm/rubies/ruby-2.4.1/include/ruby-2.4.0/ruby/backward -I/Users/tz3m/.rvm/rubies/ruby-2.4.1/include/ruby-2.4.0 -I. -I/usr/local/opt/libxml2/include/libxml2  -I/usr/local/opt/libyaml/include -I/usr/local/opt/readline/include -I/usr/local/opt/libksba/include -I/usr/local/opt/openssl@1.1/include -D_XOPEN_SOURCE -D_DARWIN_C_SOURCE -D_DARWIN_UNLIMITED_SELECT -D_REENTRANT   -O3 -fno-fast-math -ggdb3 -Wall -Wextra -Wno-unused-parameter -Wno-parentheses -Wno-long-long -Wno-missing-field-initializers -Wno-tautological-compare -Wno-parentheses-equality -Wno-constant-logical-operand -Wno-self-assign -Wunused-variable -Wimplicit-int -Wpointer-arith -Wwrite-strings -Wdeclaration-after-statement -Wshorten-64-to-32 -Wimplicit-function-declaration -Wdivision-by-zero -Wdeprecated-declarations -Wextra-tokens  -fno-common -pipe  -O3 -Wall -Wcast-qual -Wwrite-strings -Wextra -Wmissing-noreturn -Winline conftest.c  -L. -L/Users/tz3m/.rvm/rubies/ruby-2.4.1/lib -L/usr/local/opt/libyaml/lib -L/usr/local/opt/readline/lib -L/usr/local/opt/libksba/lib -L/usr/local/opt/openssl@1.1/lib -L. -fstack-protector -L/usr/local/lib -L/usr/local/opt/libyaml/lib -L/usr/local/opt/readline/lib -L/usr/local/opt/libksba/lib -L/usr/local/opt/openssl@1.1/lib    -lexslt -lxslt -lxml2  -lruby.2.4.1 -lexslt -lxslt -lxml2  -lpthread -lgmp -ldl -lobjc  "
conftest.c:5:27: warning: unused parameter 'argv' [-Wunused-parameter]
int main(int argc, char **argv)
                          ^
1 warning generated.
checked program was:
/* begin */
 1: #include "ruby.h"
 2: 
 3: /*top*/
 4: extern int t(void);
 5: int main(int argc, char **argv)
 6: {
 7:   if (argc > 1000000) {
 8:     printf("%p", &t);
 9:   }
10: 
11:   return 0;
12: }
13: extern void xmlRelaxNGSetParserStructuredErrors();
14: int t(void) { xmlRelaxNGSetParserStructuredErrors(); return 0; }
/* end */

--------------------

have_func: checking for xmlRelaxNGSetParserStructuredErrors()... -------------------- yes

"gcc -o conftest -I/Users/tz3m/.rvm/rubies/ruby-2.4.1/include/ruby-2.4.0/x86_64-darwin17 -I/Users/tz3m/.rvm/rubies/ruby-2.4.1/include/ruby-2.4.0/ruby/backward -I/Users/tz3m/.rvm/rubies/ruby-2.4.1/include/ruby-2.4.0 -I. -I/usr/local/opt/libxml2/include/libxml2  -I/usr/local/opt/libyaml/include -I/usr/local/opt/readline/include -I/usr/local/opt/libksba/include -I/usr/local/opt/openssl@1.1/include -D_XOPEN_SOURCE -D_DARWIN_C_SOURCE -D_DARWIN_UNLIMITED_SELECT -D_REENTRANT   -O3 -fno-fast-math -ggdb3 -Wall -Wextra -Wno-unused-parameter -Wno-parentheses -Wno-long-long -Wno-missing-field-initializers -Wno-tautological-compare -Wno-parentheses-equality -Wno-constant-logical-operand -Wno-self-assign -Wunused-variable -Wimplicit-int -Wpointer-arith -Wwrite-strings -Wdeclaration-after-statement -Wshorten-64-to-32 -Wimplicit-function-declaration -Wdivision-by-zero -Wdeprecated-declarations -Wextra-tokens  -fno-common -pipe  -O3 -Wall -Wcast-qual -Wwrite-strings -Wextra -Wmissing-noreturn -Winline conftest.c  -L. -L/Users/tz3m/.rvm/rubies/ruby-2.4.1/lib -L/usr/local/opt/libyaml/lib -L/usr/local/opt/readline/lib -L/usr/local/opt/libksba/lib -L/usr/local/opt/openssl@1.1/lib -L. -fstack-protector -L/usr/local/lib -L/usr/local/opt/libyaml/lib -L/usr/local/opt/readline/lib -L/usr/local/opt/libksba/lib -L/usr/local/opt/openssl@1.1/lib    -lexslt -lxslt -lxml2  -lruby.2.4.1 -lexslt -lxslt -lxml2  -lpthread -lgmp -ldl -lobjc  "
conftest.c:5:27: warning: unused parameter 'argv' [-Wunused-parameter]
int main(int argc, char **argv)
                          ^
conftest.c:13:57: error: use of undeclared identifier 'xmlRelaxNGSetParserStructuredErrors'
int t(void) { void ((*volatile p)()); p = (void ((*)()))xmlRelaxNGSetParserStructuredErrors; return !p; }
                                                        ^
1 warning and 1 error generated.
checked program was:
/* begin */
 1: #include "ruby.h"
 2: 
 3: /*top*/
 4: extern int t(void);
 5: int main(int argc, char **argv)
 6: {
 7:   if (argc > 1000000) {
 8:     printf("%p", &t);
 9:   }
10: 
11:   return 0;
12: }
13: int t(void) { void ((*volatile p)()); p = (void ((*)()))xmlRelaxNGSetParserStructuredErrors; return !p; }
/* end */

"gcc -o conftest -I/Users/tz3m/.rvm/rubies/ruby-2.4.1/include/ruby-2.4.0/x86_64-darwin17 -I/Users/tz3m/.rvm/rubies/ruby-2.4.1/include/ruby-2.4.0/ruby/backward -I/Users/tz3m/.rvm/rubies/ruby-2.4.1/include/ruby-2.4.0 -I. -I/usr/local/opt/libxml2/include/libxml2  -I/usr/local/opt/libyaml/include -I/usr/local/opt/readline/include -I/usr/local/opt/libksba/include -I/usr/local/opt/openssl@1.1/include -D_XOPEN_SOURCE -D_DARWIN_C_SOURCE -D_DARWIN_UNLIMITED_SELECT -D_REENTRANT   -O3 -fno-fast-math -ggdb3 -Wall -Wextra -Wno-unused-parameter -Wno-parentheses -Wno-long-long -Wno-missing-field-initializers -Wno-tautological-compare -Wno-parentheses-equality -Wno-constant-logical-operand -Wno-self-assign -Wunused-variable -Wimplicit-int -Wpointer-arith -Wwrite-strings -Wdeclaration-after-statement -Wshorten-64-to-32 -Wimplicit-function-declaration -Wdivision-by-zero -Wdeprecated-declarations -Wextra-tokens  -fno-common -pipe  -O3 -Wall -Wcast-qual -Wwrite-strings -Wextra -Wmissing-noreturn -Winline conftest.c  -L. -L/Users/tz3m/.rvm/rubies/ruby-2.4.1/lib -L/usr/local/opt/libyaml/lib -L/usr/local/opt/readline/lib -L/usr/local/opt/libksba/lib -L/usr/local/opt/openssl@1.1/lib -L. -fstack-protector -L/usr/local/lib -L/usr/local/opt/libyaml/lib -L/usr/local/opt/readline/lib -L/usr/local/opt/libksba/lib -L/usr/local/opt/openssl@1.1/lib    -lexslt -lxslt -lxml2  -lruby.2.4.1 -lexslt -lxslt -lxml2  -lpthread -lgmp -ldl -lobjc  "
conftest.c:5:27: warning: unused parameter 'argv' [-Wunused-parameter]
int main(int argc, char **argv)
                          ^
1 warning generated.
checked program was:
/* begin */
 1: #include "ruby.h"
 2: 
 3: /*top*/
 4: extern int t(void);
 5: int main(int argc, char **argv)
 6: {
 7:   if (argc > 1000000) {
 8:     printf("%p", &t);
 9:   }
10: 
11:   return 0;
12: }
13: extern void xmlRelaxNGSetParserStructuredErrors();
14: int t(void) { xmlRelaxNGSetParserStructuredErrors(); return 0; }
/* end */

--------------------

have_func: checking for xmlRelaxNGSetValidStructuredErrors()... -------------------- yes

"gcc -o conftest -I/Users/tz3m/.rvm/rubies/ruby-2.4.1/include/ruby-2.4.0/x86_64-darwin17 -I/Users/tz3m/.rvm/rubies/ruby-2.4.1/include/ruby-2.4.0/ruby/backward -I/Users/tz3m/.rvm/rubies/ruby-2.4.1/include/ruby-2.4.0 -I. -I/usr/local/opt/libxml2/include/libxml2  -I/usr/local/opt/libyaml/include -I/usr/local/opt/readline/include -I/usr/local/opt/libksba/include -I/usr/local/opt/openssl@1.1/include -D_XOPEN_SOURCE -D_DARWIN_C_SOURCE -D_DARWIN_UNLIMITED_SELECT -D_REENTRANT   -O3 -fno-fast-math -ggdb3 -Wall -Wextra -Wno-unused-parameter -Wno-parentheses -Wno-long-long -Wno-missing-field-initializers -Wno-tautological-compare -Wno-parentheses-equality -Wno-constant-logical-operand -Wno-self-assign -Wunused-variable -Wimplicit-int -Wpointer-arith -Wwrite-strings -Wdeclaration-after-statement -Wshorten-64-to-32 -Wimplicit-function-declaration -Wdivision-by-zero -Wdeprecated-declarations -Wextra-tokens  -fno-common -pipe  -O3 -Wall -Wcast-qual -Wwrite-strings -Wextra -Wmissing-noreturn -Winline conftest.c  -L. -L/Users/tz3m/.rvm/rubies/ruby-2.4.1/lib -L/usr/local/opt/libyaml/lib -L/usr/local/opt/readline/lib -L/usr/local/opt/libksba/lib -L/usr/local/opt/openssl@1.1/lib -L. -fstack-protector -L/usr/local/lib -L/usr/local/opt/libyaml/lib -L/usr/local/opt/readline/lib -L/usr/local/opt/libksba/lib -L/usr/local/opt/openssl@1.1/lib    -lexslt -lxslt -lxml2  -lruby.2.4.1 -lexslt -lxslt -lxml2  -lpthread -lgmp -ldl -lobjc  "
conftest.c:5:27: warning: unused parameter 'argv' [-Wunused-parameter]
int main(int argc, char **argv)
                          ^
conftest.c:13:57: error: use of undeclared identifier 'xmlRelaxNGSetValidStructuredErrors'
int t(void) { void ((*volatile p)()); p = (void ((*)()))xmlRelaxNGSetValidStructuredErrors; return !p; }
                                                        ^
1 warning and 1 error generated.
checked program was:
/* begin */
 1: #include "ruby.h"
 2: 
 3: /*top*/
 4: extern int t(void);
 5: int main(int argc, char **argv)
 6: {
 7:   if (argc > 1000000) {
 8:     printf("%p", &t);
 9:   }
10: 
11:   return 0;
12: }
13: int t(void) { void ((*volatile p)()); p = (void ((*)()))xmlRelaxNGSetValidStructuredErrors; return !p; }
/* end */

"gcc -o conftest -I/Users/tz3m/.rvm/rubies/ruby-2.4.1/include/ruby-2.4.0/x86_64-darwin17 -I/Users/tz3m/.rvm/rubies/ruby-2.4.1/include/ruby-2.4.0/ruby/backward -I/Users/tz3m/.rvm/rubies/ruby-2.4.1/include/ruby-2.4.0 -I. -I/usr/local/opt/libxml2/include/libxml2  -I/usr/local/opt/libyaml/include -I/usr/local/opt/readline/include -I/usr/local/opt/libksba/include -I/usr/local/opt/openssl@1.1/include -D_XOPEN_SOURCE -D_DARWIN_C_SOURCE -D_DARWIN_UNLIMITED_SELECT -D_REENTRANT   -O3 -fno-fast-math -ggdb3 -Wall -Wextra -Wno-unused-parameter -Wno-parentheses -Wno-long-long -Wno-missing-field-initializers -Wno-tautological-compare -Wno-parentheses-equality -Wno-constant-logical-operand -Wno-self-assign -Wunused-variable -Wimplicit-int -Wpointer-arith -Wwrite-strings -Wdeclaration-after-statement -Wshorten-64-to-32 -Wimplicit-function-declaration -Wdivision-by-zero -Wdeprecated-declarations -Wextra-tokens  -fno-common -pipe  -O3 -Wall -Wcast-qual -Wwrite-strings -Wextra -Wmissing-noreturn -Winline conftest.c  -L. -L/Users/tz3m/.rvm/rubies/ruby-2.4.1/lib -L/usr/local/opt/libyaml/lib -L/usr/local/opt/readline/lib -L/usr/local/opt/libksba/lib -L/usr/local/opt/openssl@1.1/lib -L. -fstack-protector -L/usr/local/lib -L/usr/local/opt/libyaml/lib -L/usr/local/opt/readline/lib -L/usr/local/opt/libksba/lib -L/usr/local/opt/openssl@1.1/lib    -lexslt -lxslt -lxml2  -lruby.2.4.1 -lexslt -lxslt -lxml2  -lpthread -lgmp -ldl -lobjc  "
conftest.c:5:27: warning: unused parameter 'argv' [-Wunused-parameter]
int main(int argc, char **argv)
                          ^
1 warning generated.
checked program was:
/* begin */
 1: #include "ruby.h"
 2: 
 3: /*top*/
 4: extern int t(void);
 5: int main(int argc, char **argv)
 6: {
 7:   if (argc > 1000000) {
 8:     printf("%p", &t);
 9:   }
10: 
11:   return 0;
12: }
13: extern void xmlRelaxNGSetValidStructuredErrors();
14: int t(void) { xmlRelaxNGSetValidStructuredErrors(); return 0; }
/* end */

--------------------

have_func: checking for xmlSchemaSetValidStructuredErrors()... -------------------- yes

"gcc -o conftest -I/Users/tz3m/.rvm/rubies/ruby-2.4.1/include/ruby-2.4.0/x86_64-darwin17 -I/Users/tz3m/.rvm/rubies/ruby-2.4.1/include/ruby-2.4.0/ruby/backward -I/Users/tz3m/.rvm/rubies/ruby-2.4.1/include/ruby-2.4.0 -I. -I/usr/local/opt/libxml2/include/libxml2  -I/usr/local/opt/libyaml/include -I/usr/local/opt/readline/include -I/usr/local/opt/libksba/include -I/usr/local/opt/openssl@1.1/include -D_XOPEN_SOURCE -D_DARWIN_C_SOURCE -D_DARWIN_UNLIMITED_SELECT -D_REENTRANT   -O3 -fno-fast-math -ggdb3 -Wall -Wextra -Wno-unused-parameter -Wno-parentheses -Wno-long-long -Wno-missing-field-initializers -Wno-tautological-compare -Wno-parentheses-equality -Wno-constant-logical-operand -Wno-self-assign -Wunused-variable -Wimplicit-int -Wpointer-arith -Wwrite-strings -Wdeclaration-after-statement -Wshorten-64-to-32 -Wimplicit-function-declaration -Wdivision-by-zero -Wdeprecated-declarations -Wextra-tokens  -fno-common -pipe  -O3 -Wall -Wcast-qual -Wwrite-strings -Wextra -Wmissing-noreturn -Winline conftest.c  -L. -L/Users/tz3m/.rvm/rubies/ruby-2.4.1/lib -L/usr/local/opt/libyaml/lib -L/usr/local/opt/readline/lib -L/usr/local/opt/libksba/lib -L/usr/local/opt/openssl@1.1/lib -L. -fstack-protector -L/usr/local/lib -L/usr/local/opt/libyaml/lib -L/usr/local/opt/readline/lib -L/usr/local/opt/libksba/lib -L/usr/local/opt/openssl@1.1/lib    -lexslt -lxslt -lxml2  -lruby.2.4.1 -lexslt -lxslt -lxml2  -lpthread -lgmp -ldl -lobjc  "
conftest.c:5:27: warning: unused parameter 'argv' [-Wunused-parameter]
int main(int argc, char **argv)
                          ^
conftest.c:13:57: error: use of undeclared identifier 'xmlSchemaSetValidStructuredErrors'
int t(void) { void ((*volatile p)()); p = (void ((*)()))xmlSchemaSetValidStructuredErrors; return !p; }
                                                        ^
1 warning and 1 error generated.
checked program was:
/* begin */
 1: #include "ruby.h"
 2: 
 3: /*top*/
 4: extern int t(void);
 5: int main(int argc, char **argv)
 6: {
 7:   if (argc > 1000000) {
 8:     printf("%p", &t);
 9:   }
10: 
11:   return 0;
12: }
13: int t(void) { void ((*volatile p)()); p = (void ((*)()))xmlSchemaSetValidStructuredErrors; return !p; }
/* end */

"gcc -o conftest -I/Users/tz3m/.rvm/rubies/ruby-2.4.1/include/ruby-2.4.0/x86_64-darwin17 -I/Users/tz3m/.rvm/rubies/ruby-2.4.1/include/ruby-2.4.0/ruby/backward -I/Users/tz3m/.rvm/rubies/ruby-2.4.1/include/ruby-2.4.0 -I. -I/usr/local/opt/libxml2/include/libxml2  -I/usr/local/opt/libyaml/include -I/usr/local/opt/readline/include -I/usr/local/opt/libksba/include -I/usr/local/opt/openssl@1.1/include -D_XOPEN_SOURCE -D_DARWIN_C_SOURCE -D_DARWIN_UNLIMITED_SELECT -D_REENTRANT   -O3 -fno-fast-math -ggdb3 -Wall -Wextra -Wno-unused-parameter -Wno-parentheses -Wno-long-long -Wno-missing-field-initializers -Wno-tautological-compare -Wno-parentheses-equality -Wno-constant-logical-operand -Wno-self-assign -Wunused-variable -Wimplicit-int -Wpointer-arith -Wwrite-strings -Wdeclaration-after-statement -Wshorten-64-to-32 -Wimplicit-function-declaration -Wdivision-by-zero -Wdeprecated-declarations -Wextra-tokens  -fno-common -pipe  -O3 -Wall -Wcast-qual -Wwrite-strings -Wextra -Wmissing-noreturn -Winline conftest.c  -L. -L/Users/tz3m/.rvm/rubies/ruby-2.4.1/lib -L/usr/local/opt/libyaml/lib -L/usr/local/opt/readline/lib -L/usr/local/opt/libksba/lib -L/usr/local/opt/openssl@1.1/lib -L. -fstack-protector -L/usr/local/lib -L/usr/local/opt/libyaml/lib -L/usr/local/opt/readline/lib -L/usr/local/opt/libksba/lib -L/usr/local/opt/openssl@1.1/lib    -lexslt -lxslt -lxml2  -lruby.2.4.1 -lexslt -lxslt -lxml2  -lpthread -lgmp -ldl -lobjc  "
conftest.c:5:27: warning: unused parameter 'argv' [-Wunused-parameter]
int main(int argc, char **argv)
                          ^
1 warning generated.
checked program was:
/* begin */
 1: #include "ruby.h"
 2: 
 3: /*top*/
 4: extern int t(void);
 5: int main(int argc, char **argv)
 6: {
 7:   if (argc > 1000000) {
 8:     printf("%p", &t);
 9:   }
10: 
11:   return 0;
12: }
13: extern void xmlSchemaSetValidStructuredErrors();
14: int t(void) { xmlSchemaSetValidStructuredErrors(); return 0; }
/* end */

--------------------

have_func: checking for xmlSchemaSetParserStructuredErrors()... -------------------- yes

"gcc -o conftest -I/Users/tz3m/.rvm/rubies/ruby-2.4.1/include/ruby-2.4.0/x86_64-darwin17 -I/Users/tz3m/.rvm/rubies/ruby-2.4.1/include/ruby-2.4.0/ruby/backward -I/Users/tz3m/.rvm/rubies/ruby-2.4.1/include/ruby-2.4.0 -I. -I/usr/local/opt/libxml2/include/libxml2  -I/usr/local/opt/libyaml/include -I/usr/local/opt/readline/include -I/usr/local/opt/libksba/include -I/usr/local/opt/openssl@1.1/include -D_XOPEN_SOURCE -D_DARWIN_C_SOURCE -D_DARWIN_UNLIMITED_SELECT -D_REENTRANT   -O3 -fno-fast-math -ggdb3 -Wall -Wextra -Wno-unused-parameter -Wno-parentheses -Wno-long-long -Wno-missing-field-initializers -Wno-tautological-compare -Wno-parentheses-equality -Wno-constant-logical-operand -Wno-self-assign -Wunused-variable -Wimplicit-int -Wpointer-arith -Wwrite-strings -Wdeclaration-after-statement -Wshorten-64-to-32 -Wimplicit-function-declaration -Wdivision-by-zero -Wdeprecated-declarations -Wextra-tokens  -fno-common -pipe  -O3 -Wall -Wcast-qual -Wwrite-strings -Wextra -Wmissing-noreturn -Winline conftest.c  -L. -L/Users/tz3m/.rvm/rubies/ruby-2.4.1/lib -L/usr/local/opt/libyaml/lib -L/usr/local/opt/readline/lib -L/usr/local/opt/libksba/lib -L/usr/local/opt/openssl@1.1/lib -L. -fstack-protector -L/usr/local/lib -L/usr/local/opt/libyaml/lib -L/usr/local/opt/readline/lib -L/usr/local/opt/libksba/lib -L/usr/local/opt/openssl@1.1/lib    -lexslt -lxslt -lxml2  -lruby.2.4.1 -lexslt -lxslt -lxml2  -lpthread -lgmp -ldl -lobjc  "
conftest.c:5:27: warning: unused parameter 'argv' [-Wunused-parameter]
int main(int argc, char **argv)
                          ^
conftest.c:13:57: error: use of undeclared identifier 'xmlSchemaSetParserStructuredErrors'
int t(void) { void ((*volatile p)()); p = (void ((*)()))xmlSchemaSetParserStructuredErrors; return !p; }
                                                        ^
1 warning and 1 error generated.
checked program was:
/* begin */
 1: #include "ruby.h"
 2: 
 3: /*top*/
 4: extern int t(void);
 5: int main(int argc, char **argv)
 6: {
 7:   if (argc > 1000000) {
 8:     printf("%p", &t);
 9:   }
10: 
11:   return 0;
12: }
13: int t(void) { void ((*volatile p)()); p = (void ((*)()))xmlSchemaSetParserStructuredErrors; return !p; }
/* end */

"gcc -o conftest -I/Users/tz3m/.rvm/rubies/ruby-2.4.1/include/ruby-2.4.0/x86_64-darwin17 -I/Users/tz3m/.rvm/rubies/ruby-2.4.1/include/ruby-2.4.0/ruby/backward -I/Users/tz3m/.rvm/rubies/ruby-2.4.1/include/ruby-2.4.0 -I. -I/usr/local/opt/libxml2/include/libxml2  -I/usr/local/opt/libyaml/include -I/usr/local/opt/readline/include -I/usr/local/opt/libksba/include -I/usr/local/opt/openssl@1.1/include -D_XOPEN_SOURCE -D_DARWIN_C_SOURCE -D_DARWIN_UNLIMITED_SELECT -D_REENTRANT   -O3 -fno-fast-math -ggdb3 -Wall -Wextra -Wno-unused-parameter -Wno-parentheses -Wno-long-long -Wno-missing-field-initializers -Wno-tautological-compare -Wno-parentheses-equality -Wno-constant-logical-operand -Wno-self-assign -Wunused-variable -Wimplicit-int -Wpointer-arith -Wwrite-strings -Wdeclaration-after-statement -Wshorten-64-to-32 -Wimplicit-function-declaration -Wdivision-by-zero -Wdeprecated-declarations -Wextra-tokens  -fno-common -pipe  -O3 -Wall -Wcast-qual -Wwrite-strings -Wextra -Wmissing-noreturn -Winline conftest.c  -L. -L/Users/tz3m/.rvm/rubies/ruby-2.4.1/lib -L/usr/local/opt/libyaml/lib -L/usr/local/opt/readline/lib -L/usr/local/opt/libksba/lib -L/usr/local/opt/openssl@1.1/lib -L. -fstack-protector -L/usr/local/lib -L/usr/local/opt/libyaml/lib -L/usr/local/opt/readline/lib -L/usr/local/opt/libksba/lib -L/usr/local/opt/openssl@1.1/lib    -lexslt -lxslt -lxml2  -lruby.2.4.1 -lexslt -lxslt -lxml2  -lpthread -lgmp -ldl -lobjc  "
conftest.c:5:27: warning: unused parameter 'argv' [-Wunused-parameter]
int main(int argc, char **argv)
                          ^
1 warning generated.
checked program was:
/* begin */
 1: #include "ruby.h"
 2: 
 3: /*top*/
 4: extern int t(void);
 5: int main(int argc, char **argv)
 6: {
 7:   if (argc > 1000000) {
 8:     printf("%p", &t);
 9:   }
10: 
11:   return 0;
12: }
13: extern void xmlSchemaSetParserStructuredErrors();
14: int t(void) { xmlSchemaSetParserStructuredErrors(); return 0; }
/* end */

--------------------

